<?xml version="1.0" encoding="UTF-8"?>
<testsuites name="GutTests" failures="0" tests="77" >
  <testsuite name="tests/unit/test_alien.gd" tests="11" failures="0" skipped="0" time="0.990491" >
      <testcase name="test_set_type_0_sets_alien_type_and_points" assertions="2" status="pass" classname="tests/unit/test_alien.gd" time="0.016425" >
      </testcase>
      <testcase name="test_set_type_1_sets_alien_type_and_points" assertions="2" status="pass" classname="tests/unit/test_alien.gd" time="0.103555" >
      </testcase>
      <testcase name="test_set_type_2_sets_alien_type_and_points" assertions="2" status="pass" classname="tests/unit/test_alien.gd" time="0.096635" >
      </testcase>
      <testcase name="test_set_type_clamps_negative_to_0" assertions="2" status="pass" classname="tests/unit/test_alien.gd" time="0.096745" >
      </testcase>
      <testcase name="test_set_type_clamps_high_to_2" assertions="2" status="pass" classname="tests/unit/test_alien.gd" time="0.096602" >
      </testcase>
      <testcase name="test_kill_sets_is_dead" assertions="1" status="pass" classname="tests/unit/test_alien.gd" time="0.096801" >
      </testcase>
      <testcase name="test_kill_emits_killed_signal" assertions="1" status="pass" classname="tests/unit/test_alien.gd" time="0.097018" >
      </testcase>
      <testcase name="test_kill_emits_killed_with_correct_points" assertions="1" status="pass" classname="tests/unit/test_alien.gd" time="0.096726" >
      </testcase>
      <testcase name="test_kill_is_idempotent" assertions="1" status="pass" classname="tests/unit/test_alien.gd" time="0.096392" >
      </testcase>
      <testcase name="test_toggle_frame_swaps_anim_frame_0_to_1" assertions="2" status="pass" classname="tests/unit/test_alien.gd" time="0.096814" >
      </testcase>
      <testcase name="test_toggle_frame_swaps_anim_frame_back_to_0" assertions="1" status="pass" classname="tests/unit/test_alien.gd" time="0.096778" >
      </testcase>
  </testsuite>
  <testsuite name="tests/unit/test_alien_formation.gd" tests="14" failures="0" skipped="0" time="1.353678" >
      <testcase name="test_spawn_grid_creates_55_aliens" assertions="2" status="pass" classname="tests/unit/test_alien_formation.gd" time="0.096564" >
      </testcase>
      <testcase name="test_row0_aliens_are_type_0" assertions="11" status="pass" classname="tests/unit/test_alien_formation.gd" time="0.096658" >
      </testcase>
      <testcase name="test_row1_aliens_are_type_0" assertions="11" status="pass" classname="tests/unit/test_alien_formation.gd" time="0.097014" >
      </testcase>
      <testcase name="test_row2_aliens_are_type_1" assertions="11" status="pass" classname="tests/unit/test_alien_formation.gd" time="0.096601" >
      </testcase>
      <testcase name="test_row3_aliens_are_type_1" assertions="11" status="pass" classname="tests/unit/test_alien_formation.gd" time="0.096725" >
      </testcase>
      <testcase name="test_row4_aliens_are_type_2" assertions="11" status="pass" classname="tests/unit/test_alien_formation.gd" time="0.096746" >
      </testcase>
      <testcase name="test_recalc_speed_full_wave1_step_interval_is_max" assertions="1" status="pass" classname="tests/unit/test_alien_formation.gd" time="0.096609" >
      </testcase>
      <testcase name="test_recalc_speed_one_alien_wave1_step_interval_is_near_min" assertions="2" status="pass" classname="tests/unit/test_alien_formation.gd" time="0.096531" >
      </testcase>
      <testcase name="test_recalc_speed_higher_wave_is_faster" assertions="1" status="pass" classname="tests/unit/test_alien_formation.gd" time="0.096742" >
      </testcase>
      <testcase name="test_on_alien_killed_decrements_alive_count" assertions="1" status="pass" classname="tests/unit/test_alien_formation.gd" time="0.096726" >
      </testcase>
      <testcase name="test_on_alien_killed_emits_alien_killed_with_pts" assertions="1" status="pass" classname="tests/unit/test_alien_formation.gd" time="0.096687" >
      </testcase>
      <testcase name="test_on_alien_killed_emits_formation_cleared_when_last" assertions="1" status="pass" classname="tests/unit/test_alien_formation.gd" time="0.096663" >
      </testcase>
      <testcase name="test_on_alien_killed_does_not_emit_cleared_when_not_last" assertions="1" status="pass" classname="tests/unit/test_alien_formation.gd" time="0.096757" >
      </testcase>
      <testcase name="test_stop_sets_is_stopped" assertions="2" status="pass" classname="tests/unit/test_alien_formation.gd" time="0.096655" >
      </testcase>
  </testsuite>
  <testsuite name="tests/unit/test_main_scoring.gd" tests="11" failures="0" skipped="0" time="1.062829" >
      <testcase name="test_add_score_increases_score" assertions="1" status="pass" classname="tests/unit/test_main_scoring.gd" time="0.095769" >
      </testcase>
      <testcase name="test_add_score_accumulates" assertions="1" status="pass" classname="tests/unit/test_main_scoring.gd" time="0.096711" >
      </testcase>
      <testcase name="test_add_score_updates_hi_score_when_exceeded" assertions="1" status="pass" classname="tests/unit/test_main_scoring.gd" time="0.096705" >
      </testcase>
      <testcase name="test_add_score_does_not_decrease_hi_score" assertions="1" status="pass" classname="tests/unit/test_main_scoring.gd" time="0.096629" >
      </testcase>
      <testcase name="test_kill_player_decrements_lives" assertions="1" status="pass" classname="tests/unit/test_main_scoring.gd" time="0.096759" >
      </testcase>
      <testcase name="test_kill_player_triggers_game_over_at_zero_lives" assertions="1" status="pass" classname="tests/unit/test_main_scoring.gd" time="0.096705" >
      </testcase>
      <testcase name="test_kill_player_no_game_over_when_lives_remain" assertions="1" status="pass" classname="tests/unit/test_main_scoring.gd" time="0.096667" >
      </testcase>
      <testcase name="test_restart_game_resets_score" assertions="1" status="pass" classname="tests/unit/test_main_scoring.gd" time="0.096643" >
      </testcase>
      <testcase name="test_restart_game_resets_lives" assertions="1" status="pass" classname="tests/unit/test_main_scoring.gd" time="0.096676" >
      </testcase>
      <testcase name="test_restart_game_resets_wave" assertions="1" status="pass" classname="tests/unit/test_main_scoring.gd" time="0.096862" >
      </testcase>
      <testcase name="test_restart_game_sets_game_active" assertions="1" status="pass" classname="tests/unit/test_main_scoring.gd" time="0.096703" >
      </testcase>
  </testsuite>
  <testsuite name="tests/unit/test_player.gd" tests="7" failures="0" skipped="0" time="0.676052" >
      <testcase name="test_hit_sets_is_alive_false" assertions="1" status="pass" classname="tests/unit/test_player.gd" time="0.095638" >
      </testcase>
      <testcase name="test_hit_emits_player_hit_signal" assertions="1" status="pass" classname="tests/unit/test_player.gd" time="0.096722" >
      </testcase>
      <testcase name="test_hit_is_idempotent" assertions="1" status="pass" classname="tests/unit/test_player.gd" time="0.096701" >
      </testcase>
      <testcase name="test_respawn_sets_is_alive_true" assertions="1" status="pass" classname="tests/unit/test_player.gd" time="0.096888" >
      </testcase>
      <testcase name="test_respawn_resets_position_x" assertions="1" status="pass" classname="tests/unit/test_player.gd" time="0.096677" >
      </testcase>
      <testcase name="test_shoot_with_empty_container_spawns_bullet" assertions="1" status="pass" classname="tests/unit/test_player.gd" time="0.096744" >
      </testcase>
      <testcase name="test_shoot_with_existing_bullet_does_not_spawn_another" assertions="1" status="pass" classname="tests/unit/test_player.gd" time="0.096682" >
      </testcase>
  </testsuite>
  <testsuite name="tests/unit/test_shield.gd" tests="10" failures="0" skipped="0" time="0.966512" >
      <testcase name="test_shield_builds_correct_segment_count" assertions="1" status="pass" classname="tests/unit/test_shield.gd" time="0.096123" >
      </testcase>
      <testcase name="test_is_notch_true_for_row2_col3" assertions="1" status="pass" classname="tests/unit/test_shield.gd" time="0.096678" >
      </testcase>
      <testcase name="test_is_notch_true_for_row2_col4" assertions="1" status="pass" classname="tests/unit/test_shield.gd" time="0.096694" >
      </testcase>
      <testcase name="test_is_notch_true_for_row3_col3" assertions="1" status="pass" classname="tests/unit/test_shield.gd" time="0.096691" >
      </testcase>
      <testcase name="test_is_notch_true_for_row3_col4" assertions="1" status="pass" classname="tests/unit/test_shield.gd" time="0.096519" >
      </testcase>
      <testcase name="test_is_notch_false_for_row0_col0" assertions="1" status="pass" classname="tests/unit/test_shield.gd" time="0.096711" >
      </testcase>
      <testcase name="test_is_notch_false_for_row1_col4" assertions="1" status="pass" classname="tests/unit/test_shield.gd" time="0.09704" >
      </testcase>
      <testcase name="test_is_notch_false_for_row2_col2" assertions="1" status="pass" classname="tests/unit/test_shield.gd" time="0.096657" >
      </testcase>
      <testcase name="test_all_segments_in_shield_segment_group" assertions="28" status="pass" classname="tests/unit/test_shield.gd" time="0.096681" >
      </testcase>
      <testcase name="test_all_segments_on_collision_layer_16" assertions="28" status="pass" classname="tests/unit/test_shield.gd" time="0.096718" >
      </testcase>
  </testsuite>
  <testsuite name="tests/unit/test_title_screen.gd" tests="11" failures="0" skipped="0" time="1.063395" >
      <testcase name="test_scene_instantiates_without_error" assertions="1" status="pass" classname="tests/unit/test_title_screen.gd" time="0.096356" >
      </testcase>
      <testcase name="test_root_is_control" assertions="1" status="pass" classname="tests/unit/test_title_screen.gd" time="0.096381" >
      </testcase>
      <testcase name="test_new_game_button_exists" assertions="1" status="pass" classname="tests/unit/test_title_screen.gd" time="0.096982" >
      </testcase>
      <testcase name="test_options_button_exists" assertions="1" status="pass" classname="tests/unit/test_title_screen.gd" time="0.096545" >
      </testcase>
      <testcase name="test_exit_button_exists" assertions="1" status="pass" classname="tests/unit/test_title_screen.gd" time="0.096711" >
      </testcase>
      <testcase name="test_title_label_exists_with_correct_text" assertions="2" status="pass" classname="tests/unit/test_title_screen.gd" time="0.096814" >
      </testcase>
      <testcase name="test_new_game_button_is_not_disabled" assertions="1" status="pass" classname="tests/unit/test_title_screen.gd" time="0.096665" >
      </testcase>
      <testcase name="test_options_button_is_disabled" assertions="1" status="pass" classname="tests/unit/test_title_screen.gd" time="0.09666" >
      </testcase>
      <testcase name="test_script_has_on_new_game_pressed_method" assertions="1" status="pass" classname="tests/unit/test_title_screen.gd" time="0.096748" >
      </testcase>
      <testcase name="test_script_has_on_exit_pressed_method" assertions="1" status="pass" classname="tests/unit/test_title_screen.gd" time="0.096762" >
      </testcase>
      <testcase name="test_new_game_button_has_focus_after_ready" assertions="1" status="pass" classname="tests/unit/test_title_screen.gd" time="0.096771" >
      </testcase>
  </testsuite>
  <testsuite name="tests/unit/test_ufo.gd" tests="6" failures="0" skipped="0" time="0.579902" >
      <testcase name="test_hit_sets_is_hit" assertions="1" status="pass" classname="tests/unit/test_ufo.gd" time="0.096165" >
      </testcase>
      <testcase name="test_hit_emits_ufo_destroyed" assertions="1" status="pass" classname="tests/unit/test_ufo.gd" time="0.096537" >
      </testcase>
      <testcase name="test_hit_emits_valid_point_value" assertions="2" status="pass" classname="tests/unit/test_ufo.gd" time="0.096632" >
      </testcase>
      <testcase name="test_hit_is_idempotent" assertions="1" status="pass" classname="tests/unit/test_ufo.gd" time="0.097106" >
      </testcase>
      <testcase name="test_ufo_emits_exited_when_off_screen_right" assertions="1" status="pass" classname="tests/unit/test_ufo.gd" time="0.096731" >
      </testcase>
      <testcase name="test_ufo_emits_exited_when_off_screen_left" assertions="1" status="pass" classname="tests/unit/test_ufo.gd" time="0.096731" >
      </testcase>
  </testsuite>
  <testsuite name="tests/integration/test_bullet_collisions.gd" tests="7" failures="0" skipped="0" time="0.710902" >
      <testcase name="test_player_bullet_kills_alien_on_area_entered" assertions="2" status="pass" classname="tests/integration/test_bullet_collisions.gd" time="0.096158" >
      </testcase>
      <testcase name="test_player_bullet_frees_itself_after_hitting_alien" assertions="1" status="pass" classname="tests/integration/test_bullet_collisions.gd" time="0.103597" >
      </testcase>
      <testcase name="test_player_bullet_frees_on_boundary" assertions="1" status="pass" classname="tests/integration/test_bullet_collisions.gd" time="0.103596" >
      </testcase>
      <testcase name="test_player_bullet_frees_on_ufo_hit" assertions="1" status="pass" classname="tests/integration/test_bullet_collisions.gd" time="0.10365" >
      </testcase>
      <testcase name="test_enemy_bullet_calls_hit_on_player" assertions="1" status="pass" classname="tests/integration/test_bullet_collisions.gd" time="0.096707" >
      </testcase>
      <testcase name="test_enemy_bullet_removes_shield_segment" assertions="1" status="pass" classname="tests/integration/test_bullet_collisions.gd" time="0.103584" >
      </testcase>
      <testcase name="test_enemy_bullet_frees_itself_on_boundary" assertions="1" status="pass" classname="tests/integration/test_bullet_collisions.gd" time="0.10361" >
      </testcase>
  </testsuite>
</testsuites>